<?xml version="1.0" encoding="UTF-8"?>
<testng-results ignored="0" total="1" passed="1" failed="0" skipped="0">
  <reporter-output>
  </reporter-output>
  <suite started-at="2023-12-22T19:08:32 IST" name="Default suite" finished-at="2023-12-22T19:08:48 IST" duration-ms="16694">
    <groups>
    </groups>
    <test started-at="2023-12-22T19:08:32 IST" name="Default test" finished-at="2023-12-22T19:08:48 IST" duration-ms="16694">
      <class name="SampleClass1.class1">
        <test-method signature="signUp()[pri:0, instance:SampleClass1.class1@71d44a3]" started-at="2023-12-22T19:08:32 IST" name="signUp" description="This method validates the sign up functionality" finished-at="2023-12-22T19:08:48 IST" duration-ms="16608" status="PASS">
          <reporter-output>
          </reporter-output>
        </test-method> <!-- signUp -->
      </class> <!-- SampleClass1.class1 -->
    </test> <!-- Default test -->
  </suite> <!-- Default suite -->
</testng-results>
